# JRE version: Java(TM) SE Runtime Environment (17.0.5+9) (build 17.0.5+9-LTS-191)
# Java VM: Java HotSpot(TM) 64-Bit Server VM (17.0.5+9-LTS-191, mixed mode, sharing, tiered, compressed oops, compressed class ptrs, g1 gc, windows-amd64)
GC Precious Log:
 CPUs: 8 total, 8 available
 Memory: 7965M
 Large Page Support: Disabled
 NUMA Support: Disabled
 Compressed Oops: Enabled (32-bit)
 Heap Region Size: 1M
 Heap Min Capacity: 8M
 Heap Initial Capacity: 126M
 Heap Max Capacity: 1992M
 Pre-touch: Disabled
 Parallel Workers: 8
 Concurrent Workers: 2
 Concurrent Refinement Workers: 8
 Periodic GC: Disabled
Heap:
 garbage-first heap   total 137216K, used 54143K [0x0000000083800000, 0x0000000100000000)
  region size 1024K, 2 young (2048K), 2 survivors (2048K)
 Metaspace       used 25060K, committed 25344K, reserved 1073152K
  class space    used 2824K, committed 2944K, reserved 1048576K
GC Heap History (15 events):
Event: 0.875 GC heap before
{Heap before GC invocations=0 (full 0):
 garbage-first heap   total 129024K, used 22528K [0x0000000083800000, 0x0000000100000000)
  region size 1024K, 23 young (23552K), 0 survivors (0K)
 Metaspace       used 5696K, committed 5824K, reserved 1056768K
  class space    used 654K, committed 704K, reserved 1048576K
}
Event: 0.882 GC heap after
{Heap after GC invocations=1 (full 0):
 garbage-first heap   total 129024K, used 3883K [0x0000000083800000, 0x0000000100000000)
  region size 1024K, 3 young (3072K), 3 survivors (3072K)
 Metaspace       used 5696K, committed 5824K, reserved 1056768K
  class space    used 654K, committed 704K, reserved 1048576K
}
Event: 1.495 GC heap before
{Heap before GC invocations=1 (full 0):
 garbage-first heap   total 129024K, used 34603K [0x0000000083800000, 0x0000000100000000)
  region size 1024K, 33 young (33792K), 3 survivors (3072K)
 Metaspace       used 10302K, committed 10496K, reserved 1064960K
  class space    used 1240K, committed 1344K, reserved 1048576K
}
Event: 1.502 GC heap after
{Heap after GC invocations=2 (full 0):
 garbage-first heap   total 129024K, used 5870K [0x0000000083800000, 0x0000000100000000)
  region size 1024K, 2 young (2048K), 2 survivors (2048K)
 Metaspace       used 10302K, committed 10496K, reserved 1064960K
  class space    used 1240K, committed 1344K, reserved 1048576K
}
Event: 2.959 GC heap before
{Heap before GC invocations=2 (full 0):
 garbage-first heap   total 129024K, used 80622K [0x0000000083800000, 0x0000000100000000)
  region size 1024K, 75 young (76800K), 2 survivors (2048K)
 Metaspace       used 13497K, committed 13696K, reserved 1064960K
  class space    used 1523K, committed 1600K, reserved 1048576K
}
Event: 2.974 GC heap after
{Heap after GC invocations=3 (full 0):
 garbage-first heap   total 129024K, used 13927K [0x0000000083800000, 0x0000000100000000)
  region size 1024K, 10 young (10240K), 10 survivors (10240K)
 Metaspace       used 13497K, committed 13696K, reserved 1064960K
  class space    used 1523K, committed 1600K, reserved 1048576K
}
Event: 3.877 GC heap before
{Heap before GC invocations=3 (full 0):
 garbage-first heap   total 129024K, used 80487K [0x0000000083800000, 0x0000000100000000)
  region size 1024K, 75 young (76800K), 10 survivors (10240K)
 Metaspace       used 13954K, committed 14144K, reserved 1064960K
  class space    used 1527K, committed 1600K, reserved 1048576K
}
Event: 3.893 GC heap after
{Heap after GC invocations=4 (full 0):
 garbage-first heap   total 129024K, used 22230K [0x0000000083800000, 0x0000000100000000)
  region size 1024K, 9 young (9216K), 9 survivors (9216K)
 Metaspace       used 13954K, committed 14144K, reserved 1064960K
  class space    used 1527K, committed 1600K, reserved 1048576K
}
Event: 5.453 GC heap before
{Heap before GC invocations=4 (full 0):
 garbage-first heap   total 129024K, used 88790K [0x0000000083800000, 0x0000000100000000)
  region size 1024K, 70 young (71680K), 9 survivors (9216K)
 Metaspace       used 21330K, committed 21504K, reserved 1073152K
  class space    used 2412K, committed 2496K, reserved 1048576K
}
Event: 5.466 GC heap after
{Heap after GC invocations=5 (full 0):
 garbage-first heap   total 129024K, used 32743K [0x0000000083800000, 0x0000000100000000)
  region size 1024K, 7 young (7168K), 7 survivors (7168K)
 Metaspace       used 21330K, committed 21504K, reserved 1073152K
  class space    used 2412K, committed 2496K, reserved 1048576K
}
Event: 6.594 GC heap before
{Heap before GC invocations=6 (full 0):
 garbage-first heap   total 116736K, used 96231K [0x0000000083800000, 0x0000000100000000)
  region size 1024K, 65 young (66560K), 7 survivors (7168K)
 Metaspace       used 24405K, committed 24640K, reserved 1073152K
  class space    used 2744K, committed 2880K, reserved 1048576K
}
Event: 6.623 GC heap after
{Heap after GC invocations=7 (full 0):
 garbage-first heap   total 124928K, used 54759K [0x0000000083800000, 0x0000000100000000)
  region size 1024K, 9 young (9216K), 9 survivors (9216K)
 Metaspace       used 24405K, committed 24640K, reserved 1073152K
  class space    used 2744K, committed 2880K, reserved 1048576K
}
Event: 6.630 GC heap before
{Heap before GC invocations=7 (full 0):
 garbage-first heap   total 124928K, used 55783K [0x0000000083800000, 0x0000000100000000)
  region size 1024K, 10 young (10240K), 9 survivors (9216K)
 Metaspace       used 24412K, committed 24640K, reserved 1073152K
  class space    used 2746K, committed 2880K, reserved 1048576K
}
Event: 6.640 GC heap after
{Heap after GC invocations=8 (full 0):
 garbage-first heap   total 124928K, used 55808K [0x0000000083800000, 0x0000000100000000)
  region size 1024K, 1 young (1024K), 1 survivors (1024K)
 Metaspace       used 24412K, committed 24640K, reserved 1073152K
  class space    used 2746K, committed 2880K, reserved 1048576K
}
Event: 7.245 GC heap before
{Heap before GC invocations=8 (full 0):
 garbage-first heap   total 124928K, used 75264K [0x0000000083800000, 0x0000000100000000)
  region size 1024K, 20 young (20480K), 1 survivors (1024K)
 Metaspace       used 25060K, committed 25344K, reserved 1073152K
  class space    used 2824K, committed 2944K, reserved 1048576K
}

